[13:25:49] [main/INFO] (FabricLoader/GameProvider) Loading Minecraft 1.20.1 with Fabric Loader 0.14.24
[13:25:49] [main/DEBUG] (FabricLoader/GamePatch) Found game constructor: net.minecraft.client.main.Main -> net.minecraft.client.MinecraftClient
[13:25:49] [main/DEBUG] (FabricLoader/GamePatch) Patching game constructor <init>(Lnet/minecraft/client/RunArgs;)V
[13:25:49] [main/DEBUG] (FabricLoader/GamePatch) Run directory field is thought to be net/minecraft/client/MinecraftClient/runDirectory
[13:25:50] [main/DEBUG] (FabricLoader/GamePatch) Applying brand name hook to net/minecraft/client/ClientBrandRetriever::getClientModName
[13:25:50] [main/DEBUG] (FabricLoader/GamePatch) Applying brand name hook to net/minecraft/server/MinecraftServer::getServerModName
[13:25:50] [main/DEBUG] (FabricLoader/Mappings) Loading mappings took 172 ms
[13:25:50] [main/DEBUG] (FabricLoader/GamePatch) Patched 3 classs
[13:25:50] [main/DEBUG] (FabricLoader/Discovery) Mod discovery time: 207.3 ms
[13:25:50] [main/WARN] (FabricLoader/Resolution) Mod resolution failed
[13:25:50] [main/INFO] (FabricLoader/Resolution) Immediate reason: [HARD_DEP_NO_CANDIDATE glowing_tools 1.4.0+1.20.1 {depends lambdynlights @ [2.3.2+1.20.1]}, ROOT_FORCELOAD_SINGLE glowing_tools 1.4.0+1.20.1]
[13:25:50] [main/INFO] (FabricLoader/Resolution) Reason: [HARD_DEP glowing_tools 1.4.0+1.20.1 {depends lambdynlights @ [2.3.2+1.20.1]}, HARD_DEP lambdynlights 2.2.0+1.19.2 {depends minecraft @ [>=1.19 <=1.19.2]}, HARD_DEP spruceui 4.1.0+1.19.2 {depends minecraft @ [1.19.2]}]
[13:25:50] [main/INFO] (FabricLoader/Resolution) Fix: add [], remove [], replace [[lambdynlights 2.2.0+1.19.2] -> add:lambdynlights 2.3.2+1.20.1 ([[2.3.2+1.20.1,2.3.2+1.20.1]])]
[13:25:50] [main/ERROR] (FabricLoader) Incompatible mods found!
net.fabricmc.loader.impl.FormattedException: Some of your mods are incompatible with the game or each other!
A potential solution has been determined, this may resolve your problem:
	 - Replace mod 'LambDynamicLights' (lambdynlights) 2.2.0+1.19.2 with version 2.3.2+1.20.1.
More details:
	 - Mod 'Glowing Tools' (glowing_tools) 1.4.0+1.20.1 requires version 2.3.2+1.20.1 of mod 'LambDynamicLights' (lambdynlights), but only the wrong version is present: 2.2.0+1.19.2!
	 - Mod 'LambDynamicLights' (lambdynlights) 2.2.0+1.19.2 requires any version between 1.19 (inclusive) and 1.19.2 (inclusive) of 'Minecraft' (minecraft), but only the wrong version is present: 1.20.1!
	 - Mod 'SpruceUI' (spruceui) 4.1.0+1.19.2 requires version 1.19.2 of 'Minecraft' (minecraft), but only the wrong version is present: 1.20.1!
	at net.fabricmc.loader.impl.FormattedException.ofLocalized(FormattedException.java:51) ~[fabric-loader-0.14.24.jar:?]
	at net.fabricmc.loader.impl.FabricLoaderImpl.load(FabricLoaderImpl.java:194) ~[fabric-loader-0.14.24.jar:?]
	at net.fabricmc.loader.impl.launch.knot.Knot.init(Knot.java:146) ~[fabric-loader-0.14.24.jar:?]
	at net.fabricmc.loader.impl.launch.knot.Knot.launch(Knot.java:68) ~[fabric-loader-0.14.24.jar:?]
	at net.fabricmc.loader.impl.launch.knot.KnotClient.main(KnotClient.java:23) ~[fabric-loader-0.14.24.jar:?]
	at net.fabricmc.devlaunchinjector.Main.main(Main.java:86) ~[?:?]
