[15:20:26] [main/INFO] (FabricLoader/GameProvider) Loading Minecraft 1.20.1 with Fabric Loader 0.14.24
[15:20:27] [main/WARN] (FabricLoader/Resolution) Warnings were found!
 - Mod 'LambDynamicLights' (lambdynlights) 2.3.2+1.20.1 recommends version 7.0.1 or later of modmenu, which is missing!
	 - You should install version 7.0.1 or later of modmenu for the optimal experience.
 - Mod 'LambDynamicLights' (lambdynlights) 2.3.2+1.20.1 recommends version 0.19.1 or later of quilt_loader, which is missing!
	 - You should install version 0.19.1 or later of quilt_loader for the optimal experience.
[15:20:27] [main/INFO] (FabricLoader) Loading 60 mods:
	- fabric-api 0.90.7+1.20.1
	- fabric-api-base 0.4.30+7abfd51577
	- fabric-api-lookup-api-v1 1.6.35+4d8536c977
	- fabric-biome-api-v1 13.0.12+215bbe9677
	- fabric-block-api-v1 1.0.10+92a0d36777
	- fabric-block-view-api-v2 1.0.0+92a0d36777
	- fabric-blockrenderlayer-v1 1.1.40+b3afc78b77
	- fabric-client-tags-api-v1 1.1.1+97bb207577
	- fabric-command-api-v1 1.2.33+f71b366f77
	- fabric-command-api-v2 2.2.12+b3afc78b77
	- fabric-commands-v0 0.2.50+df3654b377
	- fabric-containers-v0 0.1.63+df3654b377
	- fabric-content-registries-v0 4.0.10+57aed33f77
	- fabric-convention-tags-v1 1.5.4+a1a980da77
	- fabric-crash-report-info-v1 0.2.18+aeb40ebe77
	- fabric-data-generation-api-v1 12.3.2+d7b148e077
	- fabric-dimensions-v1 2.1.53+8536527b77
	- fabric-entity-events-v1 1.5.22+b3afc78b77
	- fabric-events-interaction-v0 0.6.1+e91849a877
	- fabric-events-lifecycle-v0 0.2.62+df3654b377
	- fabric-game-rule-api-v1 1.0.39+ae9f657a77
	- fabric-gametest-api-v1 1.2.12+b3afc78b77
	- fabric-item-api-v1 2.1.27+b3afc78b77
	- fabric-item-group-api-v1 4.0.11+d7b148e077
	- fabric-key-binding-api-v1 1.0.36+fb8d95da77
	- fabric-keybindings-v0 0.2.34+df3654b377
	- fabric-lifecycle-events-v1 2.2.21+b3afc78b77
	- fabric-loot-api-v2 1.2.0+96dfa95977
	- fabric-loot-tables-v1 1.1.44+9e7660c677
	- fabric-message-api-v1 5.1.8+d7b148e077
	- fabric-mining-level-api-v1 2.1.49+b3afc78b77
	- fabric-model-loading-api-v1 1.0.2+709a987177
	- fabric-models-v0 0.4.1+9386d8a777
	- fabric-networking-api-v1 1.3.10+eeb8eb3677
	- fabric-networking-v0 0.3.50+df3654b377
	- fabric-object-builder-api-v1 11.1.2+4ee0bc6077
	- fabric-particles-v1 1.1.1+201a23a077
	- fabric-recipe-api-v1 1.0.20+b3afc78b77
	- fabric-registry-sync-v0 2.3.2+4df89eb277
	- fabric-renderer-api-v1 3.2.0+39a511ba77
	- fabric-renderer-indigo 1.5.0+39a511ba77
	- fabric-renderer-registries-v1 3.2.45+df3654b377
	- fabric-rendering-data-attachment-v1 0.3.36+92a0d36777
	- fabric-rendering-fluids-v1 3.0.27+b3afc78b77
	- fabric-rendering-v0 1.1.48+df3654b377
	- fabric-rendering-v1 3.0.7+b3afc78b77
	- fabric-resource-conditions-api-v1 2.3.6+d7b148e077
	- fabric-resource-loader-v0 0.11.9+132c48c177
	- fabric-screen-api-v1 2.0.7+b3afc78b77
	- fabric-screen-handler-api-v1 1.3.29+b3afc78b77
	- fabric-sound-api-v1 1.0.12+b3afc78b77
	- fabric-transfer-api-v1 3.3.2+1bc31aeb77
	- fabric-transitive-access-wideners-v1 4.3.0+6c31357e77
	- fabricloader 0.14.24
	- glowing_tools 1.3.1+1.20.1
	- java 17
	- lambdynlights 2.3.2+1.20.1
	   |-- pride 1.2.0+1.19.4
	   \-- spruceui 5.0.0+1.20
	- minecraft 1.20.1
[15:20:31] [main/INFO] (FabricLoader/Mixin) SpongePowered MIXIN Subsystem Version=0.8.5 Source=file:/Users/noahs/.gradle/caches/modules-2/files-2.1/net.fabricmc/sponge-mixin/0.12.5+mixin.0.8.5/8d31fb97c3e0cd7c8dad3441851c523bcfae6d8e/sponge-mixin-0.12.5+mixin.0.8.5.jar Service=Knot/Fabric Env=CLIENT
[15:20:31] [main/INFO] (FabricLoader/Mixin) Loaded Fabric development mappings for mixin remapper!
[15:20:32] [main/INFO] (FabricLoader/Mixin) Compatibility level set to JAVA_16
[15:20:32] [main/INFO] (FabricLoader/Mixin) Compatibility level set to JAVA_17
[15:20:38] [Datafixer Bootstrap/INFO] (Minecraft) 188 Datafixer optimizations took 200 milliseconds
[15:20:41] [Render thread/INFO] (Minecraft) Environment: authHost='https://authserver.mojang.com', accountsHost='https://api.mojang.com', sessionHost='https://sessionserver.mojang.com', servicesHost='https://api.minecraftservices.com', name='PROD'
[15:20:41] [Render thread/ERROR] (Minecraft) Failed to verify authentication
com.mojang.authlib.exceptions.InvalidCredentialsException: Status: 401
	at com.mojang.authlib.exceptions.MinecraftClientHttpException.toAuthenticationException(MinecraftClientHttpException.java:56) ~[authlib-4.0.43.jar:?]
	at com.mojang.authlib.yggdrasil.YggdrasilUserApiService.fetchProperties(YggdrasilUserApiService.java:156) ~[authlib-4.0.43.jar:?]
	at com.mojang.authlib.yggdrasil.YggdrasilUserApiService.<init>(YggdrasilUserApiService.java:55) ~[authlib-4.0.43.jar:?]
	at com.mojang.authlib.yggdrasil.YggdrasilAuthenticationService.createUserApiService(YggdrasilAuthenticationService.java:124) ~[authlib-4.0.43.jar:?]
	at net.minecraft.client.MinecraftClient.createUserApiService(MinecraftClient.java:725) ~[minecraft-clientOnly-51c0cfe141-1.20.1-net.fabricmc.yarn.1_20_1.1.20.1+build.10-v2.jar:?]
	at net.minecraft.client.MinecraftClient.<init>(MinecraftClient.java:520) ~[minecraft-clientOnly-51c0cfe141-1.20.1-net.fabricmc.yarn.1_20_1.1.20.1+build.10-v2.jar:?]
	at net.minecraft.client.main.Main.main(Main.java:191) ~[minecraft-clientOnly-51c0cfe141-1.20.1-net.fabricmc.yarn.1_20_1.1.20.1+build.10-v2.jar:?]
	at net.fabricmc.loader.impl.game.minecraft.MinecraftGameProvider.launch(MinecraftGameProvider.java:470) ~[fabric-loader-0.14.24.jar:?]
	at net.fabricmc.loader.impl.launch.knot.Knot.launch(Knot.java:74) ~[fabric-loader-0.14.24.jar:?]
	at net.fabricmc.loader.impl.launch.knot.KnotClient.main(KnotClient.java:23) ~[fabric-loader-0.14.24.jar:?]
	at net.fabricmc.devlaunchinjector.Main.main(Main.java:86) ~[dev-launch-injector-0.2.1+build.8.jar:?]
Caused by: com.mojang.authlib.exceptions.MinecraftClientHttpException: Status: 401
	at com.mojang.authlib.minecraft.client.MinecraftClient.readInputStream(MinecraftClient.java:85) ~[authlib-4.0.43.jar:?]
	at com.mojang.authlib.minecraft.client.MinecraftClient.get(MinecraftClient.java:48) ~[authlib-4.0.43.jar:?]
	at com.mojang.authlib.yggdrasil.YggdrasilUserApiService.fetchProperties(YggdrasilUserApiService.java:129) ~[authlib-4.0.43.jar:?]
	... 9 more
[15:20:41] [Render thread/INFO] (Minecraft) Setting user: Player987
[15:20:41] [Render thread/INFO] (glowing-tools) Initializing glowing tools!
[15:20:42] [Render thread/INFO] (lambdynlights) [LambDynLights] Initializing LambDynamicLights...
[15:20:42] [Render thread/INFO] (lambdynlights) [LambDynLights] Configuration loaded.
[15:20:42] [Render thread/INFO] (Indigo) [Indigo] Registering Indigo renderer!
[15:20:42] [Render thread/INFO] (Minecraft) Backend library: LWJGL version 3.3.1 SNAPSHOT
[15:20:44] [Render thread/INFO] (Minecraft) Reloading ResourceManager: vanilla, fabric (fabric-gametest-api-v1, fabric-renderer-registries-v1, fabric-rendering-fluids-v1, fabric-sound-api-v1, fabric-events-lifecycle-v0, fabric-mining-level-api-v1, fabricloader, fabric-particles-v1, fabric-block-view-api-v2, fabric-rendering-v0, fabric-model-loading-api-v1, fabric-client-tags-api-v1, fabric-commands-v0, spruceui, glowing_tools, lambdynlights, fabric-loot-api-v2, fabric-networking-v0, fabric-resource-conditions-api-v1, fabric-item-group-api-v1, fabric-networking-api-v1, fabric-rendering-data-attachment-v1, fabric-crash-report-info-v1, fabric-game-rule-api-v1, fabric-command-api-v1, fabric-models-v0, fabric-registry-sync-v0, fabric-item-api-v1, fabric-dimensions-v1, fabric-events-interaction-v0, fabric-entity-events-v1, fabric-transitive-access-wideners-v1, fabric-screen-handler-api-v1, fabric-lifecycle-events-v1, fabric-resource-loader-v0, fabric-transfer-api-v1, fabric-message-api-v1, fabric-api-base, fabric-renderer-indigo, fabric-rendering-v1, fabric-recipe-api-v1, fabric-containers-v0, fabric-api, fabric-key-binding-api-v1, fabric-data-generation-api-v1, pride, fabric-keybindings-v0, fabric-block-api-v1, fabric-renderer-api-v1, fabric-content-registries-v0, fabric-biome-api-v1, fabric-screen-api-v1, fabric-api-lookup-api-v1, fabric-blockrenderlayer-v1, fabric-loot-tables-v1, fabric-convention-tags-v1, fabric-object-builder-api-v1, fabric-command-api-v2)
[15:20:44] [Worker-Main-6/INFO] (Minecraft) Found unifont_all_no_pua-15.0.06.hex, loading
[15:20:44] [Realms Notification Availability checker #1/INFO] (Minecraft) Could not authorize you against Realms server: Invalid session id
[15:20:46] [Render thread/WARN] (Minecraft) Missing sound for event: minecraft:item.goat_horn.play
[15:20:46] [Render thread/WARN] (Minecraft) Missing sound for event: minecraft:entity.goat.screaming.horn_break
[15:20:47] [Render thread/INFO] (Minecraft) OpenAL initialized on device CoreAudio Default
[15:20:47] [Render thread/INFO] (Minecraft) Sound engine started
[15:20:47] [Render thread/INFO] (Minecraft) Created: 1024x512x4 minecraft:textures/atlas/blocks.png-atlas
[15:20:47] [Render thread/INFO] (Minecraft) Created: 256x256x4 minecraft:textures/atlas/signs.png-atlas
[15:20:47] [Render thread/INFO] (Minecraft) Created: 512x512x4 minecraft:textures/atlas/shield_patterns.png-atlas
[15:20:47] [Render thread/INFO] (Minecraft) Created: 512x512x4 minecraft:textures/atlas/banner_patterns.png-atlas
[15:20:47] [Render thread/INFO] (Minecraft) Created: 1024x1024x4 minecraft:textures/atlas/armor_trims.png-atlas
[15:20:47] [Render thread/INFO] (Minecraft) Created: 128x64x4 minecraft:textures/atlas/decorated_pot.png-atlas
[15:20:47] [Render thread/INFO] (Minecraft) Created: 256x256x4 minecraft:textures/atlas/chest.png-atlas
[15:20:47] [Render thread/INFO] (Minecraft) Created: 512x256x4 minecraft:textures/atlas/beds.png-atlas
[15:20:47] [Render thread/INFO] (Minecraft) Created: 512x256x4 minecraft:textures/atlas/shulker_boxes.png-atlas
[15:20:47] [Render thread/WARN] (Minecraft) Shader rendertype_entity_translucent_emissive could not find sampler named Sampler2 in the specified shader program.
[15:20:47] [Render thread/INFO] (Minecraft) Created: 256x256x0 minecraft:textures/atlas/particles.png-atlas
[15:20:47] [Render thread/INFO] (Minecraft) Created: 256x256x0 minecraft:textures/atlas/paintings.png-atlas
[15:20:47] [Render thread/INFO] (Minecraft) Created: 128x128x0 minecraft:textures/atlas/mob_effects.png-atlas
[15:21:36] [Render thread/INFO] (Minecraft) Loaded 7 recipes
[15:21:36] [Render thread/INFO] (Minecraft) Loaded 1271 advancements
[15:21:37] [Render thread/INFO] (BiomeModificationImpl) Applied 0 biome modifications to 0 of 64 new biomes in 2.218 ms
[15:21:37] [Server thread/INFO] (Minecraft) Starting integrated minecraft server version 1.20.1
[15:21:37] [Server thread/INFO] (Minecraft) Generating keypair
[15:21:37] [Server thread/INFO] (Minecraft) Preparing start region for dimension minecraft:overworld
[15:21:39] [Render thread/INFO] (Minecraft) Preparing spawn area: 0%
[15:21:39] [Render thread/INFO] (Minecraft) Preparing spawn area: 0%
[15:21:39] [Render thread/INFO] (Minecraft) Preparing spawn area: 0%
[15:21:39] [Render thread/INFO] (Minecraft) Preparing spawn area: 0%
[15:21:39] [Render thread/INFO] (Minecraft) Preparing spawn area: 0%
[15:21:40] [Render thread/INFO] (Minecraft) Preparing spawn area: 2%
[15:21:40] [Render thread/INFO] (Minecraft) Preparing spawn area: 58%
[15:21:40] [Render thread/INFO] (Minecraft) Time elapsed: 3353 ms
[15:21:41] [Server thread/INFO] (Minecraft) Changing view distance to 12, from 10
[15:21:41] [Server thread/INFO] (Minecraft) Changing simulation distance to 12, from 0
[15:21:41] [Server thread/INFO] (Minecraft) Player987[local:E:4989241a] logged in with entity id 97 at (-36.97733824601291, -60.0, -34.01737307671572)
[15:21:41] [Server thread/INFO] (Minecraft) Player987 joined the game
[15:21:42] [Render thread/INFO] (Minecraft) Loaded 19 advancements
[15:22:01] [Render thread/INFO] (Minecraft) Stopping!
[15:22:01] [Server thread/INFO] (Minecraft) Player987 lost connection: Disconnected
[15:22:01] [Server thread/INFO] (Minecraft) Player987 left the game
[15:22:01] [Server thread/INFO] (Minecraft) Stopping singleplayer server as player logged out
[15:22:01] [Server thread/INFO] (Minecraft) Stopping server
[15:22:01] [Server thread/INFO] (Minecraft) Saving players
[15:22:01] [Server thread/INFO] (Minecraft) Saving worlds
[15:22:02] [Server thread/INFO] (Minecraft) Saving chunks for level 'ServerLevel[1.20.1]'/minecraft:overworld
[15:22:02] [Server thread/INFO] (Minecraft) Saving chunks for level 'ServerLevel[1.20.1]'/minecraft:the_nether
[15:22:02] [Server thread/INFO] (Minecraft) Saving chunks for level 'ServerLevel[1.20.1]'/minecraft:the_end
[15:22:02] [Server thread/INFO] (Minecraft) ThreadedAnvilChunkStorage (1_20_1): All chunks are saved
[15:22:02] [Server thread/INFO] (Minecraft) ThreadedAnvilChunkStorage (DIM-1): All chunks are saved
[15:22:02] [Server thread/INFO] (Minecraft) ThreadedAnvilChunkStorage (DIM1): All chunks are saved
[15:22:02] [Server thread/INFO] (Minecraft) ThreadedAnvilChunkStorage: All dimensions are saved
